<?xml version="1.0" encoding="UTF-8"?>
<!-- Generated by org.testng.reporters.JUnitXMLReporter -->
<testsuite hostname="Sagar" ignored="0" name="Surefire test" tests="1" failures="1" timestamp="23 Sep 2022 09:36:46 GMT" time="31.188" errors="0">
  <testcase name="extractTheDetailsTest" time="25.818" classname="testclass.TestclassMovie">
    <failure type="java.lang.AssertionError" message="The following asserts failed:
	Date of Wiki and IMDB is not Matching expected [January 7, 2022 (United States)] but found [17 December 2021]">
      <![CDATA[java.lang.AssertionError: The following asserts failed:
Date of Wiki and IMDB is not Matching expected [January 7, 2022 (United States)] but found [17 December 2021]
at testclass.TestclassMovie.extractTheDetailsTest(TestclassMovie.java:89)
... Removed 31 stack frames]]>
    </failure>
  </testcase> <!-- extractTheDetailsTest -->
</testsuite> <!-- Surefire test -->
