<?xml version="1.0" encoding="UTF-8"?>
<!-- Generated by org.testng.reporters.JUnitXMLReporter -->
<testsuite hostname="Sagar" ignored="0" name="Test" tests="1" failures="1" timestamp="2022-09-23T14:43:04 IST" time="29.122" errors="0">
  <testcase name="extractTheDetailsTest" time="24.885" classname="testclass.TestclassMovie">
    <failure type="java.lang.AssertionError" message="The following asserts failed:
	Date of Wiki and IMDB is not Matching expected [January 7, 2022 (United States)] but found [17 December 2021]">
      <![CDATA[java.lang.AssertionError: The following asserts failed:
Date of Wiki and IMDB is not Matching expected [January 7, 2022 (United States)] but found [17 December 2021]
at testclass.TestclassMovie.extractTheDetailsTest(TestclassMovie.java:59)
at java.util.ArrayList.forEach(ArrayList.java:1259)
... Removed 29 stack frames]]>
    </failure>
  </testcase> <!-- extractTheDetailsTest -->
</testsuite> <!-- Test -->
